<?xml version="1.0" encoding="UTF-8" standalone="no"?>
<beans xmlns="http://www.springframework.org/schema/beans"
       xmlns:context="http://www.springframework.org/schema/context"
       xmlns:tx="http://www.springframework.org/schema/tx"
       xmlns:xsi="http://www.w3.org/2001/XMLSchema-instance"
       xmlns:util="http://www.springframework.org/schema/util"
       xmlns:p="http://www.springframework.org/schema/p"
       xsi:schemaLocation="http://www.springframework.org/schema/beans http://www.springframework.org/schema/beans/spring-beans-3.1.xsd
                           http://www.springframework.org/schema/context http://www.springframework.org/schema/context/spring-context-3.1.xsd

                           http://www.springframework.org/schema/tx http://www.springframework.org/schema/tx/spring-tx-3.1.xsd

                           http://www.springframework.org/schema/util http://www.springframework.org/schema/util/spring-util.xsd">


    <context:component-scan base-package="com.bfds">
        <context:exclude-filter expression=".*_Roo_.*" type="regex"/>
        <context:exclude-filter expression="org.springframework.stereotype.Controller" type="annotation"/>
    </context:component-scan>

    <tx:annotation-driven mode="aspectj" transaction-manager="transactionManager" />

    <bean id="dataSource" class="com.mchange.v2.c3p0.ComboPooledDataSource"
          destroy-method="close">
        <property name="driverClass" value="org.hsqldb.jdbcDriver" />
        <property name="jdbcUrl" value="jdbc:hsqldb:mem:config_validation" />
        <property name="user" value="sa" />
        <property name="password" value="" />
    </bean>

    <bean class="org.springframework.orm.jpa.JpaTransactionManager"
          id="transactionManager">
        <property name="entityManagerFactory" ref="entityManagerFactory" />
    </bean>

    <bean id="entityManagerFactory"
          class="org.springframework.orm.jpa.LocalContainerEntityManagerFactoryBean"
          p:packagesToScan-ref="packagesToScan"
          p:dataSource-ref="dataSource"
          p:jpaPropertyMap-ref="jpaPropertyMap"
          p:jpaVendorAdapter-ref="hibernateVendor"
          p:jpaDialect-ref="hibernateJpaDialect">
    </bean>

    <bean id="hibernateJpaDialect" class="org.springframework.orm.jpa.vendor.HibernateJpaDialect"></bean>
    <bean id="hibernateVendor"
          class="org.springframework.orm.jpa.vendor.HibernateJpaVendorAdapter" p:generateDdl="false"
          p:showSql="false" />

    <util:list id="packagesToScan">
        <value>com.bfds.validation.message</value>
    </util:list>

    <util:map id="jpaPropertyMap">
        <entry key="hibernate.dialect" value="org.hibernate.dialect.HSQLDialect" />
        <entry key="jpaDialect" value="org.springframework.orm.jpa.vendor.HibernateJpaDialect" />
        <entry key="hibernate.ejb.naming_strategy" value="org.hibernate.cfg.ImprovedNamingStrategy" />
        <entry key="hibernate.show_sql" value="false" />
        <entry key="hibernate.hbm2ddl.auto" value="create" />
        <entry key="javax.persistence.validation.mode" value="none" />
    </util:map>

</beans>