<?xml version="1.0" encoding="UTF-8" standalone="no"?>
<beans xmlns="http://www.springframework.org/schema/beans"
       xmlns:xsi="http://www.w3.org/2001/XMLSchema-instance"
       xmlns:context="http://www.springframework.org/schema/context"
       xsi:schemaLocation="http://www.springframework.org/schema/beans http://www.springframework.org/schema/beans/spring-beans-3.1.xsd
       http://www.springframework.org/schema/context http://www.springframework.org/schema/context/spring-context-3.1.xsd">


    <context:spring-configured />
    <import resource="applicationContext-test.xml"/>

    <bean id="postSpringInitializeExecutor" class="com.bfds.validation.execution.PostSpringInitializeExecutor">
    </bean>

    <bean id="validatorManager" class="com.bfds.validation.execution.ValidatorsManager">
        <constructor-arg>
            <bean class="com.bfds.validation.execution.DefaultValidatorFinder" />
        </constructor-arg>
        <constructor-arg ref="validatorExecutor" />
    </bean>
</beans>